
2023/04/09 (23:49:46) | ===> btop++ v.1.2.13
2023/04/09 (23:49:46) | INFO: Logger set to DEBUG
2023/04/09 (23:49:46) | DEBUG: Using locale en_US.UTF-8
2023/04/09 (23:49:46) | INFO: Running on /dev/pts/1
2023/04/09 (23:49:50) | DEBUG: Loading theme file: /usr/share/btop/themes/solarized_dark.theme
2023/04/09 (23:49:50) | DEBUG: Loading theme file: /usr/share/btop/themes/matcha-dark-sea.theme
2023/04/09 (23:49:50) | DEBUG: Loading theme file: /usr/share/btop/themes/elementarish.theme
2023/04/09 (23:49:50) | DEBUG: Loading theme file: /usr/share/btop/themes/flat-remix.theme

2023/04/09 (23:50:14) | ===> btop++ v.1.2.13
2023/04/09 (23:50:14) | INFO: Logger set to DEBUG
2023/04/09 (23:50:14) | DEBUG: Using locale en_US.UTF-8
2023/04/09 (23:50:14) | INFO: Running on /dev/pts/1
2023/04/09 (23:50:14) | DEBUG: Loading theme file: /usr/share/btop/themes/flat-remix.theme

2023/04/09 (23:50:33) | ===> btop++ v.1.2.13
2023/04/09 (23:50:33) | INFO: Logger set to DEBUG
2023/04/09 (23:50:33) | DEBUG: Using locale en_US.UTF-8
2023/04/09 (23:50:33) | INFO: Running on /dev/pts/0
2023/04/09 (23:50:33) | DEBUG: Loading theme file: /usr/share/btop/themes/flat-remix.theme

2023/04/09 (23:57:12) | ===> btop++ v.1.2.13
2023/04/09 (23:57:12) | INFO: Logger set to DEBUG
2023/04/09 (23:57:12) | DEBUG: Using locale en_US.UTF-8
2023/04/09 (23:57:12) | INFO: Running on /dev/pts/0
2023/04/09 (23:57:12) | DEBUG: Loading theme file: /usr/share/btop/themes/flat-remix.theme

2023/04/09 (23:59:21) | ===> btop++ v.1.2.13
2023/04/09 (23:59:21) | INFO: Logger set to DEBUG
2023/04/09 (23:59:21) | DEBUG: Using locale en_US.UTF-8
2023/04/09 (23:59:21) | INFO: Running on /dev/pts/0
2023/04/09 (23:59:21) | DEBUG: Loading theme file: /usr/share/btop/themes/flat-remix.theme

2023/04/10 (00:00:22) | ===> btop++ v.1.2.13
2023/04/10 (00:00:22) | INFO: Logger set to DEBUG
2023/04/10 (00:00:22) | DEBUG: Using locale en_US.UTF-8
2023/04/10 (00:00:22) | INFO: Running on /dev/pts/0
2023/04/10 (00:00:22) | DEBUG: Loading theme file: /usr/share/btop/themes/flat-remix.theme

2023/04/10 (00:00:26) | ===> btop++ v.1.2.13
2023/04/10 (00:00:26) | INFO: Logger set to DEBUG
2023/04/10 (00:00:26) | DEBUG: Using locale en_US.UTF-8
2023/04/10 (00:00:26) | INFO: Running on /dev/pts/0
2023/04/10 (00:00:26) | DEBUG: Loading theme file: /usr/share/btop/themes/flat-remix.theme

2023/04/10 (01:18:11) | ===> btop++ v.1.2.13
2023/04/10 (01:18:11) | INFO: Logger set to DEBUG
2023/04/10 (01:18:11) | DEBUG: Using locale en_US.UTF-8
2023/04/10 (01:18:11) | INFO: Running on /dev/pts/1
2023/04/10 (01:18:11) | DEBUG: Loading theme file: /usr/share/btop/themes/flat-remix.theme

2023/04/10 (01:19:26) | ===> btop++ v.1.2.13
2023/04/10 (01:19:26) | INFO: Logger set to DEBUG
2023/04/10 (01:19:26) | DEBUG: Using locale en_US.UTF-8
2023/04/10 (01:19:26) | INFO: Running on /dev/pts/1
2023/04/10 (01:19:26) | DEBUG: Loading theme file: /usr/share/btop/themes/flat-remix.theme

2023/04/10 (13:09:40) | ===> btop++ v.1.2.13
2023/04/10 (13:09:40) | INFO: Logger set to DEBUG
2023/04/10 (13:09:40) | DEBUG: Using locale en_US.UTF-8
2023/04/10 (13:09:40) | INFO: Running on /dev/pts/0
2023/04/10 (13:09:41) | DEBUG: Loading theme file: /usr/share/btop/themes/flat-remix.theme

2023/04/10 (13:40:58) | ===> btop++ v.1.2.13
2023/04/10 (13:40:58) | INFO: Logger set to DEBUG
2023/04/10 (13:40:58) | DEBUG: Using locale en_US.UTF-8
2023/04/10 (13:40:58) | INFO: Running on /dev/pts/1
2023/04/10 (13:40:58) | DEBUG: Loading theme file: /usr/share/btop/themes/flat-remix.theme

2023/04/10 (23:26:49) | ===> btop++ v.1.2.13
2023/04/10 (23:26:49) | INFO: Logger set to DEBUG
2023/04/10 (23:26:49) | DEBUG: Using locale en_US.UTF-8
2023/04/10 (23:26:49) | INFO: Running on /dev/pts/0
2023/04/10 (23:26:50) | DEBUG: Loading theme file: /usr/share/btop/themes/flat-remix.theme

2023/04/10 (23:58:30) | ===> btop++ v.1.2.13
2023/04/10 (23:58:30) | INFO: Logger set to DEBUG
2023/04/10 (23:58:30) | DEBUG: Using locale en_US.UTF-8
2023/04/10 (23:58:30) | INFO: Running on /dev/pts/0
2023/04/10 (23:58:30) | DEBUG: Loading theme file: /usr/share/btop/themes/flat-remix.theme

2023/04/10 (23:59:25) | ===> btop++ v.1.2.13
2023/04/10 (23:59:25) | INFO: Logger set to DEBUG
2023/04/10 (23:59:25) | DEBUG: Using locale en_US.UTF-8
2023/04/10 (23:59:25) | INFO: Running on /dev/pts/0
2023/04/10 (23:59:25) | DEBUG: Loading theme file: /usr/share/btop/themes/flat-remix.theme

2023/04/11 (00:32:23) | ===> btop++ v.1.2.13
2023/04/11 (00:32:23) | INFO: Logger set to DEBUG
2023/04/11 (00:32:23) | DEBUG: Using locale en_US.UTF-8
2023/04/11 (00:32:23) | INFO: Running on /dev/pts/0
2023/04/11 (00:32:23) | DEBUG: Loading theme file: /usr/share/btop/themes/flat-remix.theme

2023/04/11 (00:33:53) | ===> btop++ v.1.2.13
2023/04/11 (00:33:53) | INFO: Logger set to DEBUG
2023/04/11 (00:33:53) | DEBUG: Using locale en_US.UTF-8
2023/04/11 (00:33:53) | INFO: Running on /dev/pts/0
2023/04/11 (00:33:53) | DEBUG: Loading theme file: /usr/share/btop/themes/flat-remix.theme

2023/04/11 (00:34:46) | ===> btop++ v.1.2.13
2023/04/11 (00:34:46) | INFO: Logger set to DEBUG
2023/04/11 (00:34:46) | DEBUG: Using locale en_US.UTF-8
2023/04/11 (00:34:46) | INFO: Running on /dev/pts/0
2023/04/11 (00:34:46) | DEBUG: Loading theme file: /usr/share/btop/themes/flat-remix.theme

2023/04/11 (00:36:08) | ===> btop++ v.1.2.13
2023/04/11 (00:36:08) | INFO: Logger set to DEBUG
2023/04/11 (00:36:08) | DEBUG: Using locale en_US.UTF-8
2023/04/11 (00:36:08) | INFO: Running on /dev/pts/0
2023/04/11 (00:36:08) | DEBUG: Loading theme file: /usr/share/btop/themes/flat-remix.theme

2023/04/11 (00:37:10) | ===> btop++ v.1.2.13
2023/04/11 (00:37:10) | INFO: Logger set to DEBUG
2023/04/11 (00:37:10) | DEBUG: Using locale en_US.UTF-8
2023/04/11 (00:37:10) | INFO: Running on /dev/pts/0
2023/04/11 (00:37:10) | DEBUG: Loading theme file: /usr/share/btop/themes/flat-remix.theme

2023/04/12 (12:25:59) | ===> btop++ v.1.2.13
2023/04/12 (12:25:59) | INFO: Logger set to DEBUG
2023/04/12 (12:25:59) | DEBUG: Using locale en_US.UTF-8
2023/04/12 (12:25:59) | INFO: Running on /dev/pts/0
2023/04/12 (12:25:59) | DEBUG: Loading theme file: /usr/share/btop/themes/flat-remix.theme

2023/04/12 (21:51:23) | ===> btop++ v.1.2.13
2023/04/12 (21:51:23) | INFO: Logger set to DEBUG
2023/04/12 (21:51:23) | DEBUG: Using locale en_US.UTF-8
2023/04/12 (21:51:23) | INFO: Running on /dev/pts/0
2023/04/12 (21:51:23) | DEBUG: Loading theme file: /usr/share/btop/themes/flat-remix.theme

2023/04/12 (21:52:14) | ===> btop++ v.1.2.13
2023/04/12 (21:52:14) | INFO: Logger set to DEBUG
2023/04/12 (21:52:14) | DEBUG: Using locale en_US.UTF-8
2023/04/12 (21:52:14) | INFO: Running on /dev/pts/1
2023/04/12 (21:52:14) | DEBUG: Loading theme file: /usr/share/btop/themes/flat-remix.theme

2023/04/12 (21:52:48) | ===> btop++ v.1.2.13
2023/04/12 (21:52:48) | INFO: Logger set to DEBUG
2023/04/12 (21:52:48) | DEBUG: Using locale en_US.UTF-8
2023/04/12 (21:52:48) | INFO: Running on /dev/pts/0
2023/04/12 (21:52:48) | DEBUG: Loading theme file: /usr/share/btop/themes/flat-remix.theme

2023/04/13 (01:40:02) | ===> btop++ v.1.2.13
2023/04/13 (01:40:02) | INFO: Logger set to DEBUG
2023/04/13 (01:40:02) | DEBUG: Using locale en_US.UTF-8
2023/04/13 (01:40:02) | INFO: Running on /dev/pts/0
2023/04/13 (01:40:02) | DEBUG: Loading theme file: /usr/share/btop/themes/flat-remix.theme

2023/04/13 (01:40:59) | ===> btop++ v.1.2.13
2023/04/13 (01:40:59) | INFO: Logger set to DEBUG
2023/04/13 (01:40:59) | DEBUG: Using locale en_US.UTF-8
2023/04/13 (01:40:59) | INFO: Running on /dev/pts/0
2023/04/13 (01:40:59) | DEBUG: Loading theme file: /usr/share/btop/themes/flat-remix.theme

2023/04/13 (01:42:32) | ===> btop++ v.1.2.13
2023/04/13 (01:42:32) | INFO: Logger set to DEBUG
2023/04/13 (01:42:32) | DEBUG: Using locale en_US.UTF-8
2023/04/13 (01:42:32) | INFO: Running on /dev/pts/0
2023/04/13 (01:42:32) | DEBUG: Loading theme file: /usr/share/btop/themes/flat-remix.theme

2023/04/13 (13:48:35) | ===> btop++ v.1.2.13
2023/04/13 (13:48:35) | INFO: Logger set to DEBUG
2023/04/13 (13:48:35) | DEBUG: Using locale en_US.UTF-8
2023/04/13 (13:48:35) | INFO: Running on /dev/pts/0
2023/04/13 (13:48:35) | DEBUG: Loading theme file: /usr/share/btop/themes/flat-remix.theme

2023/04/14 (16:11:58) | ===> btop++ v.1.2.13
2023/04/14 (16:11:58) | INFO: Logger set to DEBUG
2023/04/14 (16:11:58) | DEBUG: Using locale en_US.UTF-8
2023/04/14 (16:11:58) | INFO: Running on /dev/pts/0
2023/04/14 (16:11:58) | DEBUG: Loading theme file: /usr/share/btop/themes/flat-remix.theme

2023/04/14 (21:27:27) | ===> btop++ v.1.2.13
2023/04/14 (21:27:27) | INFO: Logger set to DEBUG
2023/04/14 (21:27:27) | DEBUG: Using locale en_US.UTF-8
2023/04/14 (21:27:27) | INFO: Running on /dev/pts/0
2023/04/14 (21:27:27) | DEBUG: Loading theme file: /usr/share/btop/themes/flat-remix.theme

2023/04/14 (21:31:14) | ===> btop++ v.1.2.13
2023/04/14 (21:31:14) | INFO: Logger set to DEBUG
2023/04/14 (21:31:14) | DEBUG: Using locale en_US.UTF-8
2023/04/14 (21:31:14) | INFO: Running on /dev/pts/0
2023/04/14 (21:31:14) | DEBUG: Loading theme file: /usr/share/btop/themes/flat-remix.theme

2023/04/14 (21:32:15) | ===> btop++ v.1.2.13
2023/04/14 (21:32:15) | INFO: Logger set to DEBUG
2023/04/14 (21:32:15) | DEBUG: Using locale en_US.UTF-8
2023/04/14 (21:32:15) | INFO: Running on /dev/pts/1
2023/04/14 (21:32:15) | DEBUG: Loading theme file: /usr/share/btop/themes/flat-remix.theme

2023/04/14 (21:33:27) | ===> btop++ v.1.2.13
2023/04/14 (21:33:27) | INFO: Logger set to DEBUG
2023/04/14 (21:33:27) | DEBUG: Using locale en_US.UTF-8
2023/04/14 (21:33:27) | INFO: Running on /dev/pts/0
2023/04/14 (21:33:27) | DEBUG: Loading theme file: /usr/share/btop/themes/flat-remix.theme

2023/04/14 (22:23:40) | ===> btop++ v.1.2.13
2023/04/14 (22:23:40) | INFO: Logger set to DEBUG
2023/04/14 (22:23:40) | DEBUG: Using locale en_US.UTF-8
2023/04/14 (22:23:40) | INFO: Running on /dev/pts/1
2023/04/14 (22:23:40) | DEBUG: Loading theme file: /usr/share/btop/themes/flat-remix.theme

2023/04/14 (22:27:46) | ===> btop++ v.1.2.13
2023/04/14 (22:27:46) | INFO: Logger set to DEBUG
2023/04/14 (22:27:46) | DEBUG: Using locale en_US.UTF-8
2023/04/14 (22:27:46) | INFO: Running on /dev/pts/0
2023/04/14 (22:27:46) | DEBUG: Loading theme file: /usr/share/btop/themes/flat-remix.theme

2023/04/15 (09:05:45) | ===> btop++ v.1.2.13
2023/04/15 (09:05:45) | INFO: Logger set to DEBUG
2023/04/15 (09:05:45) | DEBUG: Using locale en_US.UTF-8
2023/04/15 (09:05:45) | INFO: Running on /dev/pts/1
2023/04/15 (09:05:45) | DEBUG: Loading theme file: /usr/share/btop/themes/flat-remix.theme

2023/04/15 (16:16:03) | ===> btop++ v.1.2.13
2023/04/15 (16:16:03) | INFO: Logger set to DEBUG
2023/04/15 (16:16:03) | DEBUG: Using locale en_US.UTF-8
2023/04/15 (16:16:03) | INFO: Running on /dev/pts/0
2023/04/15 (16:16:04) | DEBUG: Loading theme file: /usr/share/btop/themes/flat-remix.theme

2023/04/18 (14:32:27) | ===> btop++ v.1.2.13
2023/04/18 (14:32:27) | INFO: Logger set to DEBUG
2023/04/18 (14:32:27) | DEBUG: Using locale en_US.UTF-8
2023/04/18 (14:32:27) | INFO: Running on /dev/pts/0
2023/04/18 (14:32:27) | DEBUG: Loading theme file: /usr/share/btop/themes/flat-remix.theme
2023/04/18 (14:32:33) | DEBUG: Writing new config file
2023/04/18 (14:32:33) | INFO: Quitting! Runtime: 00:00:06

2023/04/22 (00:31:05) | ===> btop++ v.1.2.13
2023/04/22 (00:31:05) | INFO: Logger set to DEBUG
2023/04/22 (00:31:05) | DEBUG: Using locale en_US.UTF-8
2023/04/22 (00:31:05) | INFO: Running on /dev/pts/0
2023/04/22 (00:31:05) | DEBUG: Loading theme file: /usr/share/btop/themes/flat-remix.theme

2023/04/22 (11:45:33) | ===> btop++ v.1.2.13
2023/04/22 (11:45:33) | INFO: Logger set to DEBUG
2023/04/22 (11:45:33) | DEBUG: Using locale en_US.UTF-8
2023/04/22 (11:45:33) | INFO: Running on /dev/pts/0
2023/04/22 (11:45:34) | DEBUG: Loading theme file: /usr/share/btop/themes/flat-remix.theme

2023/04/25 (22:38:23) | ===> btop++ v.1.2.13
2023/04/25 (22:38:23) | INFO: Logger set to DEBUG
2023/04/25 (22:38:23) | DEBUG: Using locale en_US.UTF-8
2023/04/25 (22:38:23) | INFO: Running on /dev/pts/0
2023/04/25 (22:38:24) | DEBUG: Loading theme file: /usr/share/btop/themes/flat-remix.theme

2023/07/20 (15:31:46) | ===> btop++ v.1.2.13
2023/07/20 (15:31:46) | INFO: Logger set to DEBUG
2023/07/20 (15:31:46) | DEBUG: Using locale en_US.UTF-8
2023/07/20 (15:31:46) | INFO: Running on /dev/pts/0
2023/07/20 (15:31:46) | DEBUG: Loading theme file: /usr/share/btop/themes/flat-remix.theme

2023/07/20 (22:07:06) | ===> btop++ v.1.2.13
2023/07/20 (22:07:06) | INFO: Logger set to DEBUG
2023/07/20 (22:07:06) | DEBUG: Using locale en_US.UTF-8
2023/07/20 (22:07:06) | INFO: Running on /dev/pts/0
2023/07/20 (22:07:06) | DEBUG: Loading theme file: /usr/share/btop/themes/flat-remix.theme

2023/07/20 (23:00:52) | ===> btop++ v.1.2.13
2023/07/20 (23:00:52) | INFO: Logger set to DEBUG
2023/07/20 (23:00:52) | DEBUG: Using locale en_US.UTF-8
2023/07/20 (23:00:52) | INFO: Running on /dev/pts/2
2023/07/20 (23:00:53) | DEBUG: Loading theme file: /usr/share/btop/themes/flat-remix.theme

2023/12/13 (23:11:48) | ===> btop++ v.1.2.13
2023/12/13 (23:11:48) | INFO: Logger set to DEBUG
2023/12/13 (23:11:48) | DEBUG: Using locale en_US.UTF-8
2023/12/13 (23:11:48) | INFO: Running on /dev/pts/0
2023/12/13 (23:11:48) | DEBUG: Loading theme file: /home/steven/.config/btop/themes/catppuccin_macchiato.theme

2023/12/15 (15:22:36) | ===> btop++ v.1.2.13
2023/12/15 (15:22:36) | INFO: Logger set to DEBUG
2023/12/15 (15:22:36) | DEBUG: Using locale en_US.UTF-8
2023/12/15 (15:22:36) | INFO: Running on /dev/pts/1
2023/12/15 (15:22:36) | DEBUG: Loading theme file: /home/steven/.config/btop/themes/catppuccin_macchiato.theme

2023/12/15 (15:30:52) | ===> btop++ v.1.2.13
2023/12/15 (15:30:52) | INFO: Logger set to DEBUG
2023/12/15 (15:30:52) | DEBUG: Using locale en_US.UTF-8
2023/12/15 (15:30:52) | INFO: Running on /dev/pts/1
2023/12/15 (15:30:52) | DEBUG: Loading theme file: /home/steven/.config/btop/themes/catppuccin_macchiato.theme
